\BOOKMARK [-1][-]{part.1}{\376\377\000I\000\040\000I\000n\000t\000r\000o\000d\000u\000c\000t\000o\000r\000y\000\040\000m\000a\000t\000e\000r\000i\000a\000l}{}% 1
\BOOKMARK [0][-]{chapter.1}{\376\377\000I\000n\000t\000r\000o\000d\000u\000c\000t\000i\000o\000n}{part.1}% 2
\BOOKMARK [1][-]{subsection.1.0.1}{\376\377\000P\000r\000o\000b\000l\000e\000m\000\040\000S\000t\000a\000t\000e\000m\000e\000n\000t}{chapter.1}% 3
\BOOKMARK [2][-]{subsection.1.0.2}{\376\377\000P\000r\000o\000b\000l\000e\000m\000\040\000S\000t\000a\000t\000e\000m\000e\000n\000t\000\040\000A\000n\000a\000l\000y\000s\000i\000s}{subsection.1.0.1}% 4
\BOOKMARK [0][-]{chapter.2}{\376\377\000A\000n\000a\000l\000y\000s\000i\000s}{part.1}% 5
\BOOKMARK [1][-]{section.2.1}{\376\377\000R\000e\000q\000u\000i\000r\000e\000m\000e\000n\000t\000s\000\040\000a\000n\000d\000\040\000C\000o\000n\000s\000t\000r\000a\000i\000n\000t\000s}{chapter.2}% 6
\BOOKMARK [2][-]{subsection.2.1.1}{\376\377\000R\000e\000q\000u\000i\000r\000e\000m\000e\000n\000t\000s}{section.2.1}% 7
\BOOKMARK [2][-]{subsection.2.1.2}{\376\377\000C\000o\000n\000s\000t\000r\000a\000i\000n\000t\000s}{section.2.1}% 8
\BOOKMARK [1][-]{section.2.2}{\376\377\000S\000t\000a\000t\000e\000\040\000o\000f\000\040\000t\000h\000e\000\040\000a\000r\000t}{chapter.2}% 9
\BOOKMARK [2][-]{subsection.2.2.1}{\376\377\000C\000o\000p\000e\000r\000n\000i\000c\000u\000s\000\040\000E\000x\000a\000m\000p\000l\000e}{section.2.2}% 10
\BOOKMARK [2][-]{subsection.2.2.2}{\376\377\000C\000M\000E\000M\000S\000\040\000E\000x\000a\000m\000p\000l\000e\000s}{section.2.2}% 11
\BOOKMARK [1][-]{section.2.3}{\376\377\000S\000y\000s\000t\000e\000m\000\040\000A\000r\000c\000h\000i\000t\000e\000c\000t\000u\000r\000e}{chapter.2}% 12
\BOOKMARK [1][-]{section.2.4}{\376\377\000F\000o\000o\000t\000n\000o\000t\000e\000s}{chapter.2}% 13
\BOOKMARK [1][-]{section.2.5}{\376\377\000A\000c\000r\000o\000n\000y\000m\000s\000\040\000a\000n\000d\000\040\000G\000l\000o\000s\000s\000a\000r\000y}{chapter.2}% 14
\BOOKMARK [1][-]{section.2.6}{\376\377\000I\000n\000d\000e\000x}{chapter.2}% 15
\BOOKMARK [0][-]{chapter.3}{\376\377\000D\000e\000s\000i\000g\000n}{part.1}% 16
\BOOKMARK [1][-]{section.3.1}{\376\377\000A\000n\000a\000l\000y\000s\000i\000s\000\040\000R\000e\000v\000i\000e\000w}{chapter.3}% 17
\BOOKMARK [1][-]{section.3.2}{\376\377\000S\000o\000f\000t\000w\000a\000r\000e}{chapter.3}% 18
\BOOKMARK [2][-]{subsection.3.2.1}{\376\377\000C\000o\000m\000m\000u\000n\000i\000c\000a\000t\000i\000o\000n\000\040\000p\000r\000o\000t\000o\000c\000o\000l}{section.3.2}% 19
\BOOKMARK [2][-]{subsection.3.2.2}{\376\377\000A\000b\000s\000t\000r\000a\000c\000t\000i\000o\000n}{section.3.2}% 20
\BOOKMARK [1][-]{section.3.3}{\376\377\000H\000a\000r\000d\000w\000a\000r\000e}{chapter.3}% 21
\BOOKMARK [2][-]{subsection.3.3.1}{\376\377\000A\000u\000t\000o\000n\000o\000m\000y}{section.3.3}% 22
\BOOKMARK [2][-]{subsection.3.3.2}{\376\377\000S\000y\000s\000t\000e\000m\000\040\000P\000i\000n\000o\000u\000t}{section.3.3}% 23
\BOOKMARK [1][-]{section.3.4}{\376\377\000S\000h\000e\000l\000l}{chapter.3}% 24
\BOOKMARK [1][-]{section.3.5}{\376\377\000T\000o\000o\000l\000s\000\040\000a\000n\000d\000\040\000C\000O\000T\000S}{chapter.3}% 25
\BOOKMARK [2][-]{subsection.3.5.1}{\376\377\000T\000o\000o\000l\000s}{section.3.5}% 26
\BOOKMARK [2][-]{subsection.3.5.2}{\376\377\000C\000O\000T\000S}{section.3.5}% 27
\BOOKMARK [0][-]{chapter.4}{\376\377\000T\000h\000e\000\040\000p\000r\000o\000b\000l\000e\000m\000\040\000a\000n\000d\000\040\000i\000t\000s\000\040\000c\000h\000a\000l\000l\000e\000n\000g\000e\000s}{part.1}% 28
\BOOKMARK [1][-]{section.4.1}{\376\377\000I\000m\000a\000g\000e\000s}{chapter.4}% 29
\BOOKMARK [-1][-]{part.2}{\376\377\000I\000I\000\040\000C\000o\000r\000e\000\040\000o\000f\000\040\000t\000h\000e\000\040\000D\000i\000s\000s\000e\000r\000t\000a\000t\000i\000o\000n}{}% 30
\BOOKMARK [0][-]{chapter.5}{\376\377\000C\000o\000n\000t\000r\000i\000b\000u\000t\000i\000o\000n}{part.2}% 31
\BOOKMARK [1][-]{section.5.1}{\376\377\000I\000n\000t\000r\000o\000d\000u\000c\000t\000i\000o\000n}{chapter.5}% 32
\BOOKMARK [1][-]{section.5.2}{\376\377\000S\000u\000m\000m\000a\000r\000y}{chapter.5}% 33
\BOOKMARK [0][-]{chapter.6}{\376\377\000A\000p\000p\000l\000i\000c\000a\000t\000i\000o\000n\000s}{part.2}% 34
\BOOKMARK [1][-]{section.6.1}{\376\377\000I\000n\000t\000r\000o\000d\000u\000c\000t\000i\000o\000n}{chapter.6}% 35
\BOOKMARK [1][-]{section.6.2}{\376\377\000S\000u\000m\000m\000a\000r\000y}{chapter.6}% 36
\BOOKMARK [0][-]{chapter.7}{\376\377\000C\000o\000n\000c\000l\000u\000s\000i\000o\000n\000s\000\040\000a\000n\000d\000\040\000f\000u\000t\000u\000r\000e\000\040\000w\000o\000r\000k}{part.2}% 37
\BOOKMARK [1][-]{section.7.1}{\376\377\000C\000o\000n\000c\000l\000u\000s\000i\000o\000n}{chapter.7}% 38
\BOOKMARK [1][-]{section.7.2}{\376\377\000L\000i\000m\000i\000t\000a\000t\000i\000o\000n\000s\000\040\000a\000n\000d\000\040\000F\000u\000t\000u\000r\000e\000\040\000i\000m\000p\000r\000o\000v\000e\000m\000e\000n\000t\000s}{chapter.7}% 39
\BOOKMARK [1][-]{section.7.3}{\376\377\000F\000i\000n\000a\000l\000\040\000G\000I\000T}{chapter.7}% 40
\BOOKMARK [1][-]{section.7.4}{\376\377\000S\000p\000e\000c\000i\000a\000l\000\040\000G\000r\000e\000e\000t\000i\000n\000g\000s}{chapter.7}% 41
\BOOKMARK [1][-]{section.7.5}{\376\377\000P\000r\000o\000s\000p\000e\000c\000t\000\040\000f\000o\000r\000\040\000f\000u\000t\000u\000r\000e\000\040\000w\000o\000r\000k}{chapter.7}% 42
\BOOKMARK [0][-]{chapter.8}{\376\377\000P\000l\000a\000n\000n\000e\000d\000\040\000S\000c\000h\000e\000d\000u\000l\000e}{part.2}% 43
\BOOKMARK [1][-]{section.8.1}{\376\377\000A\000c\000t\000i\000v\000i\000t\000i\000e\000s}{chapter.8}% 44
\BOOKMARK [-1][-]{part.3}{\376\377\000I\000I\000I\000\040\000A\000p\000p\000e\000n\000d\000i\000c\000e\000s}{}% 45
\BOOKMARK [0][-]{appendix.A}{\376\377\000S\000u\000p\000p\000o\000r\000t\000\040\000w\000o\000r\000k}{part.3}% 46
\BOOKMARK [0][-]{appendix.B}{\376\377\000D\000e\000t\000a\000i\000l\000s\000\040\000o\000f\000\040\000r\000e\000s\000u\000l\000t\000s}{part.3}% 47
\BOOKMARK [0][-]{appendix.C}{\376\377\000L\000i\000s\000t\000i\000n\000g\000s}{part.3}% 48
\BOOKMARK [0][-]{appendix.D}{\376\377\000T\000o\000o\000l\000i\000n\000g}{part.3}% 49
